2021-02-15 11:23:20,198 INFO Set uid to user 0 succeeded
2021-02-15 11:23:20,204 INFO supervisord started with pid 17
2021-02-15 11:23:21,213 INFO spawned: 'php' with pid 19
2021-02-15 11:23:22,218 INFO success: php entered RUNNING state, process has stayed up for > than 1 seconds (startsecs)
2021-02-15 11:24:39,347 INFO Set uid to user 0 succeeded
2021-02-15 11:24:39,355 INFO supervisord started with pid 17
2021-02-15 11:24:40,362 INFO spawned: 'php' with pid 19
2021-02-15 11:24:41,372 INFO success: php entered RUNNING state, process has stayed up for > than 1 seconds (startsecs)
2021-02-15 11:29:53,949 INFO Set uid to user 0 succeeded
2021-02-15 11:29:53,966 INFO supervisord started with pid 16
2021-02-15 11:29:54,978 INFO spawned: 'php' with pid 18
2021-02-15 11:29:55,983 INFO success: php entered RUNNING state, process has stayed up for > than 1 seconds (startsecs)
2021-02-15 11:33:37,560 INFO Set uid to user 0 succeeded
2021-02-15 11:33:37,569 INFO supervisord started with pid 16
2021-02-15 11:33:38,577 INFO spawned: 'php' with pid 18
2021-02-15 11:33:39,582 INFO success: php entered RUNNING state, process has stayed up for > than 1 seconds (startsecs)
2021-02-15 11:39:23,521 INFO Set uid to user 0 succeeded
2021-02-15 11:39:23,528 INFO supervisord started with pid 16
2021-02-15 11:39:24,535 INFO spawned: 'php' with pid 18
2021-02-15 11:39:25,539 INFO success: php entered RUNNING state, process has stayed up for > than 1 seconds (startsecs)
2021-02-15 11:42:05,104 INFO Set uid to user 0 succeeded
2021-02-15 11:42:05,113 INFO supervisord started with pid 16
2021-02-15 11:42:06,123 INFO spawned: 'php' with pid 18
2021-02-15 11:42:07,129 INFO success: php entered RUNNING state, process has stayed up for > than 1 seconds (startsecs)
2021-02-15 11:46:57,598 INFO Set uid to user 0 succeeded
2021-02-15 11:46:57,607 INFO supervisord started with pid 18
2021-02-15 11:46:58,610 INFO spawned: 'php' with pid 20
2021-02-15 11:46:59,613 INFO success: php entered RUNNING state, process has stayed up for > than 1 seconds (startsecs)
2021-02-15 13:59:14,045 INFO Set uid to user 0 succeeded
2021-02-15 13:59:14,057 INFO supervisord started with pid 17
2021-02-15 13:59:15,062 INFO spawned: 'php' with pid 19
2021-02-15 13:59:16,065 INFO success: php entered RUNNING state, process has stayed up for > than 1 seconds (startsecs)
2021-02-15 14:01:10,359 INFO Set uid to user 0 succeeded
2021-02-15 14:01:10,367 INFO supervisord started with pid 19
2021-02-15 14:01:11,378 INFO spawned: 'php' with pid 21
2021-02-15 14:01:13,127 INFO success: php entered RUNNING state, process has stayed up for > than 1 seconds (startsecs)
2021-02-15 14:09:06,343 INFO Set uid to user 0 succeeded
2021-02-15 14:09:06,354 INFO supervisord started with pid 16
2021-02-15 14:09:07,359 INFO spawned: 'php' with pid 18
2021-02-15 14:09:08,362 INFO success: php entered RUNNING state, process has stayed up for > than 1 seconds (startsecs)
2021-02-24 12:04:59,132 INFO Set uid to user 0 succeeded
2021-02-24 12:04:59,144 INFO supervisord started with pid 17
2021-02-24 12:05:00,152 INFO spawned: 'php' with pid 19
2021-02-24 12:05:01,157 INFO success: php entered RUNNING state, process has stayed up for > than 1 seconds (startsecs)
2021-02-24 16:13:25,102 INFO Set uid to user 0 succeeded
2021-02-24 16:13:25,104 INFO supervisord started with pid 17
2021-02-24 16:13:26,107 INFO spawned: 'php' with pid 19
2021-02-24 16:13:27,904 INFO success: php entered RUNNING state, process has stayed up for > than 1 seconds (startsecs)
2021-02-24 16:15:26,694 INFO Set uid to user 0 succeeded
2021-02-24 16:15:26,695 INFO supervisord started with pid 16
2021-02-24 16:15:27,698 INFO spawned: 'php' with pid 18
2021-02-24 16:15:29,292 INFO success: php entered RUNNING state, process has stayed up for > than 1 seconds (startsecs)
2021-02-25 02:46:29,452 INFO Set uid to user 0 succeeded
2021-02-25 02:46:29,454 INFO supervisord started with pid 16
2021-02-25 02:46:30,456 INFO spawned: 'php' with pid 18
2021-02-25 02:46:32,045 INFO success: php entered RUNNING state, process has stayed up for > than 1 seconds (startsecs)
2021-02-25 04:55:10,233 INFO Set uid to user 0 succeeded
2021-02-25 04:55:10,235 INFO supervisord started with pid 16
2021-02-25 04:55:11,237 INFO spawned: 'php' with pid 18
2021-02-25 04:55:12,833 INFO success: php entered RUNNING state, process has stayed up for > than 1 seconds (startsecs)
2021-02-25 05:15:35,321 INFO Set uid to user 0 succeeded
2021-02-25 05:15:35,322 INFO supervisord started with pid 16
2021-02-25 05:15:36,325 INFO spawned: 'php' with pid 18
2021-02-25 05:15:37,913 INFO success: php entered RUNNING state, process has stayed up for > than 1 seconds (startsecs)
2021-02-25 13:43:58,867 INFO Set uid to user 0 succeeded
2021-02-25 13:43:58,868 INFO supervisord started with pid 16
2021-02-25 13:43:59,870 INFO spawned: 'php' with pid 18
2021-02-25 13:44:01,462 INFO success: php entered RUNNING state, process has stayed up for > than 1 seconds (startsecs)
2021-02-26 00:03:24,701 INFO Set uid to user 0 succeeded
2021-02-26 00:03:24,702 INFO supervisord started with pid 17
2021-02-26 00:03:25,704 INFO spawned: 'php' with pid 19
2021-02-26 00:03:27,294 INFO success: php entered RUNNING state, process has stayed up for > than 1 seconds (startsecs)
2021-02-26 13:08:45,877 INFO Set uid to user 0 succeeded
2021-02-26 13:08:45,878 INFO supervisord started with pid 16
2021-02-26 13:08:46,880 INFO spawned: 'php' with pid 18
2021-02-26 13:08:48,471 INFO success: php entered RUNNING state, process has stayed up for > than 1 seconds (startsecs)
2021-02-26 13:18:01,542 INFO Set uid to user 0 succeeded
2021-02-26 13:18:01,543 INFO supervisord started with pid 16
2021-02-26 13:18:02,546 INFO spawned: 'php' with pid 18
2021-02-26 13:18:04,133 INFO success: php entered RUNNING state, process has stayed up for > than 1 seconds (startsecs)
2021-02-28 19:58:00,679 INFO Set uid to user 0 succeeded
2021-02-28 19:58:00,680 INFO supervisord started with pid 16
2021-02-28 19:58:01,682 INFO spawned: 'php' with pid 18
2021-02-28 19:58:03,273 INFO success: php entered RUNNING state, process has stayed up for > than 1 seconds (startsecs)
2021-03-01 18:24:24,408 INFO Set uid to user 0 succeeded
2021-03-01 18:24:24,424 INFO supervisord started with pid 18
2021-03-01 18:24:25,430 INFO spawned: 'php' with pid 20
2021-03-01 18:24:26,433 INFO success: php entered RUNNING state, process has stayed up for > than 1 seconds (startsecs)
2021-03-02 17:34:30,936 INFO Set uid to user 0 succeeded
2021-03-02 17:34:30,937 INFO supervisord started with pid 16
2021-03-02 17:34:31,938 INFO spawned: 'php' with pid 18
2021-03-02 17:34:33,523 INFO success: php entered RUNNING state, process has stayed up for > than 1 seconds (startsecs)
2021-03-02 20:28:06,511 INFO Set uid to user 0 succeeded
2021-03-02 20:28:06,512 INFO supervisord started with pid 16
2021-03-02 20:28:07,515 INFO spawned: 'php' with pid 18
2021-03-02 20:28:09,104 INFO success: php entered RUNNING state, process has stayed up for > than 1 seconds (startsecs)
2021-03-03 21:00:50,426 INFO Set uid to user 0 succeeded
2021-03-03 21:00:50,427 INFO supervisord started with pid 17
2021-03-03 21:00:51,429 INFO spawned: 'php' with pid 19
2021-03-03 21:00:53,031 INFO success: php entered RUNNING state, process has stayed up for > than 1 seconds (startsecs)
2021-03-03 21:05:33,226 INFO Set uid to user 0 succeeded
2021-03-03 21:05:33,227 INFO supervisord started with pid 16
2021-03-03 21:05:34,229 INFO spawned: 'php' with pid 18
2021-03-03 21:05:35,826 INFO success: php entered RUNNING state, process has stayed up for > than 1 seconds (startsecs)
2021-03-04 18:16:28,010 INFO Set uid to user 0 succeeded
2021-03-04 18:16:28,012 INFO supervisord started with pid 16
2021-03-04 18:16:29,013 INFO spawned: 'php' with pid 18
2021-03-04 18:16:30,610 INFO success: php entered RUNNING state, process has stayed up for > than 1 seconds (startsecs)
2021-03-04 20:38:23,977 INFO Set uid to user 0 succeeded
2021-03-04 20:38:23,978 INFO supervisord started with pid 16
2021-03-04 20:38:24,980 INFO spawned: 'php' with pid 18
2021-03-04 20:38:26,568 INFO success: php entered RUNNING state, process has stayed up for > than 1 seconds (startsecs)
<<<<<<< HEAD
2021-03-07 21:10:18,755 INFO Set uid to user 0 succeeded
2021-03-07 21:10:18,756 INFO supervisord started with pid 16
2021-03-07 21:10:19,758 INFO spawned: 'php' with pid 18
2021-03-07 21:10:21,351 INFO success: php entered RUNNING state, process has stayed up for > than 1 seconds (startsecs)
2021-03-07 21:57:45,508 INFO Set uid to user 0 succeeded
2021-03-07 21:57:45,509 INFO supervisord started with pid 16
2021-03-07 21:57:46,511 INFO spawned: 'php' with pid 18
2021-03-07 21:57:48,105 INFO success: php entered RUNNING state, process has stayed up for > than 1 seconds (startsecs)
=======
2021-03-04 23:35:35,431 INFO Set uid to user 0 succeeded
2021-03-04 23:35:35,433 INFO supervisord started with pid 17
2021-03-04 23:35:36,435 INFO spawned: 'php' with pid 19
2021-03-04 23:35:38,026 INFO success: php entered RUNNING state, process has stayed up for > than 1 seconds (startsecs)
2021-03-06 18:11:41,896 INFO Set uid to user 0 succeeded
2021-03-06 18:11:41,897 INFO supervisord started with pid 17
2021-03-06 18:11:42,899 INFO spawned: 'php' with pid 19
2021-03-06 18:11:44,497 INFO success: php entered RUNNING state, process has stayed up for > than 1 seconds (startsecs)
2021-03-07 04:23:42,708 INFO Set uid to user 0 succeeded
2021-03-07 04:23:42,709 INFO supervisord started with pid 16
2021-03-07 04:23:43,711 INFO spawned: 'php' with pid 18
2021-03-07 04:23:45,306 INFO success: php entered RUNNING state, process has stayed up for > than 1 seconds (startsecs)
2021-03-07 15:56:13,149 INFO Set uid to user 0 succeeded
2021-03-07 15:56:13,151 INFO supervisord started with pid 16
2021-03-07 15:56:14,153 INFO spawned: 'php' with pid 18
2021-03-07 15:56:15,744 INFO success: php entered RUNNING state, process has stayed up for > than 1 seconds (startsecs)
2021-03-07 21:42:54,236 INFO Set uid to user 0 succeeded
2021-03-07 21:42:54,237 INFO supervisord started with pid 16
2021-03-07 21:42:55,239 INFO spawned: 'php' with pid 18
2021-03-07 21:42:56,833 INFO success: php entered RUNNING state, process has stayed up for > than 1 seconds (startsecs)
>>>>>>> 83db37e101b6c440cce4f382c292f9b92ac51834
